Analysis & Synthesis report for mips32core
Wed Apr  8 10:02:21 2015
Quartus II 32-bit Version 13.0.1 Build 232 06/12/2013 Service Pack 1 SJ Web Edition


---------------------
; Table of Contents ;
---------------------
  1. Legal Notice
  2. Analysis & Synthesis Summary
  3. Analysis & Synthesis Settings
  4. Parallel Compilation
  5. Analysis & Synthesis Source Files Read
  6. Analysis & Synthesis Resource Usage Summary
  7. Analysis & Synthesis Resource Utilization by Entity
  8. General Register Statistics
  9. Multiplexer Restructuring Statistics (Restructuring Performed)
 10. Parameter Settings for User Entity Instance: Top-level Entity: |mips32core
 11. Parameter Settings for User Entity Instance: mips32_dp:datapath
 12. Parameter Settings for User Entity Instance: mips32_dp:datapath|mips32_alu:alu
 13. Parameter Settings for User Entity Instance: mips32_dp:datapath|mips32_cmp:cmp
 14. Port Connectivity Checks: "mips32_dp:datapath|mips32_alu:alu"
 15. Elapsed Time Per Partition
 16. Analysis & Synthesis Messages



----------------
; Legal Notice ;
----------------
Copyright (C) 1991-2013 Altera Corporation
Your use of Altera Corporation's design tools, logic functions 
and other software and tools, and its AMPP partner logic 
functions, and any output files from any of the foregoing 
(including device programming or simulation files), and any 
associated documentation or information are expressly subject 
to the terms and conditions of the Altera Program License 
Subscription Agreement, Altera MegaCore Function License 
Agreement, or other applicable license agreement, including, 
without limitation, that your use is for the sole purpose of 
programming logic devices manufactured by Altera and sold by 
Altera or its authorized distributors.  Please refer to the 
applicable agreement for further details.



+--------------------------------------------------------------------------------------+
; Analysis & Synthesis Summary                                                         ;
+------------------------------------+-------------------------------------------------+
; Analysis & Synthesis Status        ; Successful - Wed Apr  8 10:02:21 2015           ;
; Quartus II 32-bit Version          ; 13.0.1 Build 232 06/12/2013 SP 1 SJ Web Edition ;
; Revision Name                      ; mips32core                                      ;
; Top-level Entity Name              ; mips32core                                      ;
; Family                             ; Cyclone IV E                                    ;
; Total logic elements               ; 3,300                                           ;
;     Total combinational functions  ; 2,263                                           ;
;     Dedicated logic registers      ; 1,278                                           ;
; Total registers                    ; 1278                                            ;
; Total pins                         ; 164                                             ;
; Total virtual pins                 ; 0                                               ;
; Total memory bits                  ; 0                                               ;
; Embedded Multiplier 9-bit elements ; 0                                               ;
; Total PLLs                         ; 0                                               ;
+------------------------------------+-------------------------------------------------+


+----------------------------------------------------------------------------------------------------------------------+
; Analysis & Synthesis Settings                                                                                        ;
+----------------------------------------------------------------------------+--------------------+--------------------+
; Option                                                                     ; Setting            ; Default Value      ;
+----------------------------------------------------------------------------+--------------------+--------------------+
; Device                                                                     ; EP4CE115F29C7      ;                    ;
; Top-level entity name                                                      ; mips32core         ; mips32core         ;
; Family name                                                                ; Cyclone IV E       ; Cyclone IV GX      ;
; Extract VHDL State Machines                                                ; Off                ; On                 ;
; Optimization Technique                                                     ; Area               ; Balanced           ;
; Use smart compilation                                                      ; Off                ; Off                ;
; Enable parallel Assembler and TimeQuest Timing Analyzer during compilation ; On                 ; On                 ;
; Enable compact report table                                                ; Off                ; Off                ;
; Restructure Multiplexers                                                   ; Auto               ; Auto               ;
; Create Debugging Nodes for IP Cores                                        ; Off                ; Off                ;
; Preserve fewer node names                                                  ; On                 ; On                 ;
; Disable OpenCore Plus hardware evaluation                                  ; Off                ; Off                ;
; Verilog Version                                                            ; Verilog_2001       ; Verilog_2001       ;
; VHDL Version                                                               ; VHDL_1993          ; VHDL_1993          ;
; State Machine Processing                                                   ; Auto               ; Auto               ;
; Safe State Machine                                                         ; Off                ; Off                ;
; Extract Verilog State Machines                                             ; On                 ; On                 ;
; Ignore Verilog initial constructs                                          ; Off                ; Off                ;
; Iteration limit for constant Verilog loops                                 ; 5000               ; 5000               ;
; Iteration limit for non-constant Verilog loops                             ; 250                ; 250                ;
; Add Pass-Through Logic to Inferred RAMs                                    ; On                 ; On                 ;
; Infer RAMs from Raw Logic                                                  ; On                 ; On                 ;
; Parallel Synthesis                                                         ; On                 ; On                 ;
; DSP Block Balancing                                                        ; Auto               ; Auto               ;
; NOT Gate Push-Back                                                         ; On                 ; On                 ;
; Power-Up Don't Care                                                        ; On                 ; On                 ;
; Remove Redundant Logic Cells                                               ; Off                ; Off                ;
; Remove Duplicate Registers                                                 ; On                 ; On                 ;
; Ignore CARRY Buffers                                                       ; Off                ; Off                ;
; Ignore CASCADE Buffers                                                     ; Off                ; Off                ;
; Ignore GLOBAL Buffers                                                      ; Off                ; Off                ;
; Ignore ROW GLOBAL Buffers                                                  ; Off                ; Off                ;
; Ignore LCELL Buffers                                                       ; Off                ; Off                ;
; Ignore SOFT Buffers                                                        ; On                 ; On                 ;
; Limit AHDL Integers to 32 Bits                                             ; Off                ; Off                ;
; Carry Chain Length                                                         ; 70                 ; 70                 ;
; Auto Carry Chains                                                          ; On                 ; On                 ;
; Auto Open-Drain Pins                                                       ; On                 ; On                 ;
; Perform WYSIWYG Primitive Resynthesis                                      ; Off                ; Off                ;
; Auto ROM Replacement                                                       ; On                 ; On                 ;
; Auto RAM Replacement                                                       ; On                 ; On                 ;
; Auto DSP Block Replacement                                                 ; On                 ; On                 ;
; Auto Shift Register Replacement                                            ; Auto               ; Auto               ;
; Allow Shift Register Merging across Hierarchies                            ; Auto               ; Auto               ;
; Auto Clock Enable Replacement                                              ; On                 ; On                 ;
; Strict RAM Replacement                                                     ; Off                ; Off                ;
; Allow Synchronous Control Signals                                          ; On                 ; On                 ;
; Force Use of Synchronous Clear Signals                                     ; Off                ; Off                ;
; Auto RAM Block Balancing                                                   ; On                 ; On                 ;
; Auto RAM to Logic Cell Conversion                                          ; Off                ; Off                ;
; Auto Resource Sharing                                                      ; Off                ; Off                ;
; Allow Any RAM Size For Recognition                                         ; Off                ; Off                ;
; Allow Any ROM Size For Recognition                                         ; Off                ; Off                ;
; Allow Any Shift Register Size For Recognition                              ; Off                ; Off                ;
; Use LogicLock Constraints during Resource Balancing                        ; On                 ; On                 ;
; Ignore translate_off and synthesis_off directives                          ; Off                ; Off                ;
; Timing-Driven Synthesis                                                    ; On                 ; On                 ;
; Report Parameter Settings                                                  ; On                 ; On                 ;
; Report Source Assignments                                                  ; On                 ; On                 ;
; Report Connectivity Checks                                                 ; On                 ; On                 ;
; Ignore Maximum Fan-Out Assignments                                         ; Off                ; Off                ;
; Synchronization Register Chain Length                                      ; 2                  ; 2                  ;
; PowerPlay Power Optimization                                               ; Normal compilation ; Normal compilation ;
; HDL message level                                                          ; Level2             ; Level2             ;
; Suppress Register Optimization Related Messages                            ; Off                ; Off                ;
; Number of Removed Registers Reported in Synthesis Report                   ; 5000               ; 5000               ;
; Number of Swept Nodes Reported in Synthesis Report                         ; 5000               ; 5000               ;
; Number of Inverted Registers Reported in Synthesis Report                  ; 100                ; 100                ;
; Clock MUX Protection                                                       ; On                 ; On                 ;
; Auto Gated Clock Conversion                                                ; Off                ; Off                ;
; Block Design Naming                                                        ; Auto               ; Auto               ;
; SDC constraint protection                                                  ; Off                ; Off                ;
; Synthesis Effort                                                           ; Auto               ; Auto               ;
; Shift Register Replacement - Allow Asynchronous Clear Signal               ; On                 ; On                 ;
; Pre-Mapping Resynthesis Optimization                                       ; Off                ; Off                ;
; Analysis & Synthesis Message Level                                         ; Medium             ; Medium             ;
; Disable Register Merging Across Hierarchies                                ; Auto               ; Auto               ;
; Resource Aware Inference For Block RAM                                     ; On                 ; On                 ;
; Synthesis Seed                                                             ; 1                  ; 1                  ;
+----------------------------------------------------------------------------+--------------------+--------------------+


Parallel compilation was disabled, but you have multiple processors available. Enable parallel compilation to reduce compilation time.
+-------------------------------------+
; Parallel Compilation                ;
+----------------------------+--------+
; Processors                 ; Number ;
+----------------------------+--------+
; Number detected on machine ; 8      ;
; Maximum allowed            ; 1      ;
+----------------------------+--------+


+------------------------------------------------------------------------------------------------------------------------------------------------------------------------------+
; Analysis & Synthesis Source Files Read                                                                                                                                       ;
+------------------------------------+-----------------+-----------------+-------------------------------------------------------------------------------------------+---------+
; File Name with User-Entered Path   ; Used in Netlist ; File Type       ; File Name with Absolute Path                                                              ; Library ;
+------------------------------------+-----------------+-----------------+-------------------------------------------------------------------------------------------+---------+
; ../vhdl/mips32core_arch_struct.vhd ; yes             ; User VHDL File  ; /home/atomic/Projects/Digital Design/DDS_MIPS/MipsProject/vhdl/mips32core_arch_struct.vhd ;         ;
; ../vhdl/mips32core.vhd             ; yes             ; User VHDL File  ; /home/atomic/Projects/Digital Design/DDS_MIPS/MipsProject/vhdl/mips32core.vhd             ;         ;
; ../vhdl/mips32_mdu.vhd             ; yes             ; User VHDL File  ; /home/atomic/Projects/Digital Design/DDS_MIPS/MipsProject/vhdl/mips32_mdu.vhd             ;         ;
; ../vhdl/mips32_dp.vhd              ; yes             ; User VHDL File  ; /home/atomic/Projects/Digital Design/DDS_MIPS/MipsProject/vhdl/mips32_dp.vhd              ;         ;
; ../vhdl/mips32_ctrl.vhd            ; yes             ; User VHDL File  ; /home/atomic/Projects/Digital Design/DDS_MIPS/MipsProject/vhdl/mips32_ctrl.vhd            ;         ;
; ../vhdl/mips32_cmp.vhd             ; yes             ; User VHDL File  ; /home/atomic/Projects/Digital Design/DDS_MIPS/MipsProject/vhdl/mips32_cmp.vhd             ;         ;
; ../vhdl/mips32_alu.vhd             ; yes             ; User VHDL File  ; /home/atomic/Projects/Digital Design/DDS_MIPS/MipsProject/vhdl/mips32_alu.vhd             ;         ;
+------------------------------------+-----------------+-----------------+-------------------------------------------------------------------------------------------+---------+


+---------------------------------------------------------+
; Analysis & Synthesis Resource Usage Summary             ;
+---------------------------------------------+-----------+
; Resource                                    ; Usage     ;
+---------------------------------------------+-----------+
; Estimated Total logic elements              ; 3,300     ;
;                                             ;           ;
; Total combinational functions               ; 2263      ;
; Logic element usage by number of LUT inputs ;           ;
;     -- 4 input functions                    ; 1674      ;
;     -- 3 input functions                    ; 502       ;
;     -- <=2 input functions                  ; 87        ;
;                                             ;           ;
; Logic elements by mode                      ;           ;
;     -- normal mode                          ; 2133      ;
;     -- arithmetic mode                      ; 130       ;
;                                             ;           ;
; Total registers                             ; 1278      ;
;     -- Dedicated logic registers            ; 1278      ;
;     -- I/O registers                        ; 0         ;
;                                             ;           ;
; I/O pins                                    ; 164       ;
; Embedded Multiplier 9-bit elements          ; 0         ;
; Maximum fan-out node                        ; clk~input ;
; Maximum fan-out                             ; 1278      ;
; Total fan-out                               ; 13822     ;
; Average fan-out                             ; 3.57      ;
+---------------------------------------------+-----------+


+--------------------------------------------------------------------------------------------------------------------------------------------------------------------------------------------------------+
; Analysis & Synthesis Resource Utilization by Entity                                                                                                                                                    ;
+-----------------------------+-------------------+--------------+-------------+--------------+---------+-----------+------+--------------+-----------------------------------------------+--------------+
; Compilation Hierarchy Node  ; LC Combinationals ; LC Registers ; Memory Bits ; DSP Elements ; DSP 9x9 ; DSP 18x18 ; Pins ; Virtual Pins ; Full Hierarchy Name                           ; Library Name ;
+-----------------------------+-------------------+--------------+-------------+--------------+---------+-----------+------+--------------+-----------------------------------------------+--------------+
; |mips32core                 ; 2263 (0)          ; 1278 (0)     ; 0           ; 0            ; 0       ; 0         ; 164  ; 0            ; |mips32core                                   ; work         ;
;    |mips32_ctrl:controller| ; 113 (113)         ; 54 (54)      ; 0           ; 0            ; 0       ; 0         ; 0    ; 0            ; |mips32core|mips32_ctrl:controller            ; work         ;
;    |mips32_dp:datapath|     ; 2150 (1580)       ; 1224 (1088)  ; 0           ; 0            ; 0       ; 0         ; 0    ; 0            ; |mips32core|mips32_dp:datapath                ; work         ;
;       |mips32_alu:alu|      ; 163 (163)         ; 0 (0)        ; 0           ; 0            ; 0       ; 0         ; 0    ; 0            ; |mips32core|mips32_dp:datapath|mips32_alu:alu ; work         ;
;       |mips32_cmp:cmp|      ; 53 (53)           ; 0 (0)        ; 0           ; 0            ; 0       ; 0         ; 0    ; 0            ; |mips32core|mips32_dp:datapath|mips32_cmp:cmp ; work         ;
;       |mips32_mdu:mdu|      ; 354 (354)         ; 136 (136)    ; 0           ; 0            ; 0       ; 0         ; 0    ; 0            ; |mips32core|mips32_dp:datapath|mips32_mdu:mdu ; work         ;
+-----------------------------+-------------------+--------------+-------------+--------------+---------+-----------+------+--------------+-----------------------------------------------+--------------+
Note: For table entries with two numbers listed, the numbers in parentheses indicate the number of resources of the given type used by the specific entity alone. The numbers listed outside of parentheses indicate the total resources of the given type used by the specific entity and all of its sub-entities in the hierarchy.


+------------------------------------------------------+
; General Register Statistics                          ;
+----------------------------------------------+-------+
; Statistic                                    ; Value ;
+----------------------------------------------+-------+
; Total registers                              ; 1278  ;
; Number of registers using Synchronous Clear  ; 149   ;
; Number of registers using Synchronous Load   ; 14    ;
; Number of registers using Asynchronous Clear ; 1235  ;
; Number of registers using Asynchronous Load  ; 0     ;
; Number of registers using Clock Enable       ; 1221  ;
; Number of registers using Preset             ; 0     ;
+----------------------------------------------+-------+


+-----------------------------------------------------------------------------------------------------------------------------------------------------------------------+
; Multiplexer Restructuring Statistics (Restructuring Performed)                                                                                                        ;
+--------------------+-----------+---------------+----------------------+------------------------+------------+---------------------------------------------------------+
; Multiplexer Inputs ; Bus Width ; Baseline Area ; Area if Restructured ; Saving if Restructured ; Registered ; Example Multiplexer Output                              ;
+--------------------+-----------+---------------+----------------------+------------------------+------------+---------------------------------------------------------+
; 3:1                ; 2 bits    ; 4 LEs         ; 2 LEs                ; 2 LEs                  ; Yes        ; |mips32core|mips32_ctrl:controller|mdu_start            ;
; 4:1                ; 5 bits    ; 10 LEs        ; 5 LEs                ; 5 LEs                  ; Yes        ; |mips32core|mips32_dp:datapath|mips32_mdu:mdu|ctr[4]    ;
; 4:1                ; 31 bits   ; 62 LEs        ; 31 LEs               ; 31 LEs                 ; Yes        ; |mips32core|mips32_dp:datapath|mips32_mdu:mdu|hireg[9]  ;
; 5:1                ; 32 bits   ; 96 LEs        ; 64 LEs               ; 32 LEs                 ; Yes        ; |mips32core|mips32_dp:datapath|mips32_mdu:mdu|loreg[11] ;
; 6:1                ; 31 bits   ; 124 LEs       ; 62 LEs               ; 62 LEs                 ; Yes        ; |mips32core|mips32_dp:datapath|mips32_mdu:mdu|mdu_l[10] ;
; 7:1                ; 5 bits    ; 20 LEs        ; 20 LEs               ; 0 LEs                  ; Yes        ; |mips32core|mips32_ctrl:controller|ctrl_data_o[27]      ;
; 13:1               ; 10 bits   ; 80 LEs        ; 20 LEs               ; 60 LEs                 ; Yes        ; |mips32core|mips32_ctrl:controller|ctrl_data_o[24]      ;
; 42:1               ; 12 bits   ; 336 LEs       ; 0 LEs                ; 336 LEs                ; Yes        ; |mips32core|mips32_ctrl:controller|ctrl_data_o[6]       ;
; 5:1                ; 32 bits   ; 96 LEs        ; 64 LEs               ; 32 LEs                 ; No         ; |mips32core|mips32_dp:datapath|mips32_alu:alu|Mux27     ;
; 8:1                ; 32 bits   ; 160 LEs       ; 96 LEs               ; 64 LEs                 ; No         ; |mips32core|mips32_dp:datapath|mips32_mdu:mdu|Mux1      ;
; 32:1               ; 32 bits   ; 672 LEs       ; 640 LEs              ; 32 LEs                 ; No         ; |mips32core|mips32_dp:datapath|Mux61                    ;
; 32:1               ; 32 bits   ; 672 LEs       ; 640 LEs              ; 32 LEs                 ; No         ; |mips32core|mips32_dp:datapath|Mux7                     ;
; 6:1                ; 32 bits   ; 128 LEs       ; 96 LEs               ; 32 LEs                 ; No         ; |mips32core|mips32_dp:datapath|regnxt[31]               ;
+--------------------+-----------+---------------+----------------------+------------------------+------------+---------------------------------------------------------+


+----------------------------------------------------------------------------+
; Parameter Settings for User Entity Instance: Top-level Entity: |mips32core ;
+----------------+-------+---------------------------------------------------+
; Parameter Name ; Value ; Type                                              ;
+----------------+-------+---------------------------------------------------+
; SYS_32         ; 32    ; Signed Integer                                    ;
+----------------+-------+---------------------------------------------------+
Note: In order to hide this table in the UI and the text report file, please set the "Show Parameter Settings in Synthesis Report" option in "Analysis and Synthesis Settings -> More Settings" to "Off".


+-----------------------------------------------------------------+
; Parameter Settings for User Entity Instance: mips32_dp:datapath ;
+----------------+-------+----------------------------------------+
; Parameter Name ; Value ; Type                                   ;
+----------------+-------+----------------------------------------+
; word_len       ; 32    ; Signed Integer                         ;
+----------------+-------+----------------------------------------+
Note: In order to hide this table in the UI and the text report file, please set the "Show Parameter Settings in Synthesis Report" option in "Analysis and Synthesis Settings -> More Settings" to "Off".


+--------------------------------------------------------------------------------+
; Parameter Settings for User Entity Instance: mips32_dp:datapath|mips32_alu:alu ;
+----------------+-------+-------------------------------------------------------+
; Parameter Name ; Value ; Type                                                  ;
+----------------+-------+-------------------------------------------------------+
; word_len       ; 32    ; Signed Integer                                        ;
+----------------+-------+-------------------------------------------------------+
Note: In order to hide this table in the UI and the text report file, please set the "Show Parameter Settings in Synthesis Report" option in "Analysis and Synthesis Settings -> More Settings" to "Off".


+--------------------------------------------------------------------------------+
; Parameter Settings for User Entity Instance: mips32_dp:datapath|mips32_cmp:cmp ;
+----------------+-------+-------------------------------------------------------+
; Parameter Name ; Value ; Type                                                  ;
+----------------+-------+-------------------------------------------------------+
; word_len       ; 32    ; Signed Integer                                        ;
+----------------+-------+-------------------------------------------------------+
Note: In order to hide this table in the UI and the text report file, please set the "Show Parameter Settings in Synthesis Report" option in "Analysis and Synthesis Settings -> More Settings" to "Off".


+--------------------------------------------------------------------------------------------------------------------+
; Port Connectivity Checks: "mips32_dp:datapath|mips32_alu:alu"                                                      ;
+----------+--------+----------+-------------------------------------------------------------------------------------+
; Port     ; Type   ; Severity ; Details                                                                             ;
+----------+--------+----------+-------------------------------------------------------------------------------------+
; alu_cout ; Output ; Info     ; Connected to dangling logic. Logic that only feeds a dangling port will be removed. ;
+----------+--------+----------+-------------------------------------------------------------------------------------+


+-------------------------------+
; Elapsed Time Per Partition    ;
+----------------+--------------+
; Partition Name ; Elapsed Time ;
+----------------+--------------+
; Top            ; 00:00:07     ;
+----------------+--------------+


+-------------------------------+
; Analysis & Synthesis Messages ;
+-------------------------------+
Info: *******************************************************************
Info: Running Quartus II 32-bit Analysis & Synthesis
    Info: Version 13.0.1 Build 232 06/12/2013 Service Pack 1 SJ Web Edition
    Info: Processing started: Wed Apr  8 10:02:11 2015
Info: Command: quartus_map --read_settings_files=on --write_settings_files=off mips32core -c mips32core
Warning (20028): Parallel compilation is not licensed and has been disabled
Info (12021): Found 1 design units, including 0 entities, in source file /home/atomic/Projects/Digital Design/DDS_MIPS/MipsProject/vhdl/mips32core_arch_struct.vhd
    Info (12022): Found design unit 1: mips32core-structural
Info (12021): Found 1 design units, including 1 entities, in source file /home/atomic/Projects/Digital Design/DDS_MIPS/MipsProject/vhdl/mips32core.vhd
    Info (12023): Found entity 1: mips32core
Info (12021): Found 2 design units, including 1 entities, in source file /home/atomic/Projects/Digital Design/DDS_MIPS/MipsProject/vhdl/mips32_mdu.vhd
    Info (12022): Found design unit 1: mips32_mdu-behavior
    Info (12023): Found entity 1: mips32_mdu
Info (12021): Found 2 design units, including 1 entities, in source file /home/atomic/Projects/Digital Design/DDS_MIPS/MipsProject/vhdl/mips32_dp.vhd
    Info (12022): Found design unit 1: mips32_dp-behavior
    Info (12023): Found entity 1: mips32_dp
Info (12021): Found 2 design units, including 1 entities, in source file /home/atomic/Projects/Digital Design/DDS_MIPS/MipsProject/vhdl/mips32_ctrl.vhd
    Info (12022): Found design unit 1: mips32_ctrl-behavior
    Info (12023): Found entity 1: mips32_ctrl
Info (12021): Found 2 design units, including 1 entities, in source file /home/atomic/Projects/Digital Design/DDS_MIPS/MipsProject/vhdl/mips32_cmp.vhd
    Info (12022): Found design unit 1: mips32_cmp-behavior
    Info (12023): Found entity 1: mips32_cmp
Info (12021): Found 2 design units, including 1 entities, in source file /home/atomic/Projects/Digital Design/DDS_MIPS/MipsProject/vhdl/mips32_alu.vhd
    Info (12022): Found design unit 1: mips32_alu-behavior
    Info (12023): Found entity 1: mips32_alu
Info (12127): Elaborating entity "mips32core" for the top level hierarchy
Info (12128): Elaborating entity "mips32_dp" for hierarchy "mips32_dp:datapath"
Warning (10036): Verilog HDL or VHDL warning at mips32_dp.vhd(102): object "alu_cout" assigned a value but never read
Info (12128): Elaborating entity "mips32_alu" for hierarchy "mips32_dp:datapath|mips32_alu:alu"
Info (12128): Elaborating entity "mips32_cmp" for hierarchy "mips32_dp:datapath|mips32_cmp:cmp"
Info (12128): Elaborating entity "mips32_mdu" for hierarchy "mips32_dp:datapath|mips32_mdu:mdu"
Info (12128): Elaborating entity "mips32_ctrl" for hierarchy "mips32_ctrl:controller"
Info (16010): Generating hard_block partition "hard_block:auto_generated_inst"
    Info (16011): Adding 0 node(s), including 0 DDIO, 0 PLL, 0 transceiver and 0 LCELL
Info (21057): Implemented 3561 device resources after synthesis - the final resource count might be different
    Info (21058): Implemented 66 input pins
    Info (21059): Implemented 98 output pins
    Info (21061): Implemented 3397 logic cells
Info: Quartus II 32-bit Analysis & Synthesis was successful. 0 errors, 2 warnings
    Info: Peak virtual memory: 366 megabytes
    Info: Processing ended: Wed Apr  8 10:02:21 2015
    Info: Elapsed time: 00:00:10
    Info: Total CPU time (on all processors): 00:00:10


