Flow report for mips32core
Wed Apr  8 10:03:25 2015
Quartus II 32-bit Version 13.0.1 Build 232 06/12/2013 Service Pack 1 SJ Web Edition


---------------------
; Table of Contents ;
---------------------
  1. Legal Notice
  2. Flow Summary
  3. Flow Settings
  4. Flow Non-Default Global Settings
  5. Flow Elapsed Time
  6. Flow OS Summary
  7. Flow Log
  8. Flow Messages
  9. Flow Suppressed Messages



----------------
; Legal Notice ;
----------------
Copyright (C) 1991-2013 Altera Corporation
Your use of Altera Corporation's design tools, logic functions 
and other software and tools, and its AMPP partner logic 
functions, and any output files from any of the foregoing 
(including device programming or simulation files), and any 
associated documentation or information are expressly subject 
to the terms and conditions of the Altera Program License 
Subscription Agreement, Altera MegaCore Function License 
Agreement, or other applicable license agreement, including, 
without limitation, that your use is for the sole purpose of 
programming logic devices manufactured by Altera and sold by 
Altera or its authorized distributors.  Please refer to the 
applicable agreement for further details.



+--------------------------------------------------------------------------------------+
; Flow Summary                                                                         ;
+------------------------------------+-------------------------------------------------+
; Flow Status                        ; Successful - Wed Apr  8 10:03:25 2015           ;
; Quartus II 32-bit Version          ; 13.0.1 Build 232 06/12/2013 SP 1 SJ Web Edition ;
; Revision Name                      ; mips32core                                      ;
; Top-level Entity Name              ; mips32core                                      ;
; Family                             ; Cyclone IV E                                    ;
; Device                             ; EP4CE115F29C7                                   ;
; Timing Models                      ; Final                                           ;
; Total logic elements               ; 2,282 / 114,480 ( 2 % )                         ;
;     Total combinational functions  ; 2,263 / 114,480 ( 2 % )                         ;
;     Dedicated logic registers      ; 1,278 / 114,480 ( 1 % )                         ;
; Total registers                    ; 1278                                            ;
; Total pins                         ; 164 / 529 ( 31 % )                              ;
; Total virtual pins                 ; 0                                               ;
; Total memory bits                  ; 0 / 3,981,312 ( 0 % )                           ;
; Embedded Multiplier 9-bit elements ; 0 / 532 ( 0 % )                                 ;
; Total PLLs                         ; 0 / 4 ( 0 % )                                   ;
+------------------------------------+-------------------------------------------------+


+-----------------------------------------+
; Flow Settings                           ;
+-------------------+---------------------+
; Option            ; Setting             ;
+-------------------+---------------------+
; Start date & time ; 04/08/2015 10:02:12 ;
; Main task         ; Compilation         ;
; Revision Name     ; mips32core          ;
+-------------------+---------------------+


+----------------------------------------------------------------------------------------------------------------------------+
; Flow Non-Default Global Settings                                                                                           ;
+-------------------------------------+---------------------------------------+---------------+-------------+----------------+
; Assignment Name                     ; Value                                 ; Default Value ; Entity Name ; Section Id     ;
+-------------------------------------+---------------------------------------+---------------+-------------+----------------+
; COMPILER_SIGNATURE_ID               ; 622602061525.142848013205156          ; --            ; --          ; --             ;
; CYCLONEII_OPTIMIZATION_TECHNIQUE    ; Area                                  ; Balanced      ; --          ; --             ;
; EDA_OUTPUT_DATA_FORMAT              ; Vhdl                                  ; --            ; --          ; eda_simulation ;
; EDA_SIMULATION_TOOL                 ; ModelSim-Altera (VHDL)                ; <None>        ; --          ; --             ;
; EDA_TIME_SCALE                      ; 1 ps                                  ; --            ; --          ; eda_simulation ;
; EXTRACT_VHDL_STATE_MACHINES         ; Off                                   ; On            ; --          ; --             ;
; MAX_CORE_JUNCTION_TEMP              ; 85                                    ; --            ; --          ; --             ;
; MIN_CORE_JUNCTION_TEMP              ; 0                                     ; --            ; --          ; --             ;
; NOMINAL_CORE_SUPPLY_VOLTAGE         ; 1.2V                                  ; --            ; --          ; --             ;
; PARTITION_COLOR                     ; 16764057                              ; --            ; --          ; Top            ;
; PARTITION_FITTER_PRESERVATION_LEVEL ; PLACEMENT_AND_ROUTING                 ; --            ; --          ; Top            ;
; PARTITION_NETLIST_TYPE              ; SOURCE                                ; --            ; --          ; Top            ;
; POWER_BOARD_THERMAL_MODEL           ; None (CONSERVATIVE)                   ; --            ; --          ; --             ;
; POWER_PRESET_COOLING_SOLUTION       ; 23 MM HEAT SINK WITH 200 LFPM AIRFLOW ; --            ; --          ; --             ;
; PROJECT_OUTPUT_DIRECTORY            ; output_files                          ; --            ; --          ; --             ;
; RTLV_SIMPLIFIED_LOGIC               ; Off                                   ; On            ; --          ; --             ;
+-------------------------------------+---------------------------------------+---------------+-------------+----------------+


+-------------------------------------------------------------------------------------------------------------------------------+
; Flow Elapsed Time                                                                                                             ;
+---------------------------+--------------+-------------------------+---------------------+------------------------------------+
; Module Name               ; Elapsed Time ; Average Processors Used ; Peak Virtual Memory ; Total CPU Time (on all processors) ;
+---------------------------+--------------+-------------------------+---------------------+------------------------------------+
; Analysis & Synthesis      ; 00:00:10     ; 1.0                     ; 366 MB              ; 00:00:09                           ;
; Fitter                    ; 00:00:36     ; 1.0                     ; 674 MB              ; 00:00:37                           ;
; Assembler                 ; 00:00:06     ; 1.0                     ; 346 MB              ; 00:00:06                           ;
; TimeQuest Timing Analyzer ; 00:00:07     ; 1.0                     ; 431 MB              ; 00:00:07                           ;
; EDA Netlist Writer        ; 00:00:05     ; 1.0                     ; 335 MB              ; 00:00:05                           ;
; Total                     ; 00:01:04     ; --                      ; --                  ; 00:01:04                           ;
+---------------------------+--------------+-------------------------+---------------------+------------------------------------+


+-----------------------------------------------------------------------------------------+
; Flow OS Summary                                                                         ;
+---------------------------+------------------+------------+------------+----------------+
; Module Name               ; Machine Hostname ; OS Name    ; OS Version ; Processor type ;
+---------------------------+------------------+------------+------------+----------------+
; Analysis & Synthesis      ; atomic-W55xEU    ; Linux Mint ; 17         ; x86_64         ;
; Fitter                    ; atomic-W55xEU    ; Linux Mint ; 17         ; x86_64         ;
; Assembler                 ; atomic-W55xEU    ; Linux Mint ; 17         ; x86_64         ;
; TimeQuest Timing Analyzer ; atomic-W55xEU    ; Linux Mint ; 17         ; x86_64         ;
; EDA Netlist Writer        ; atomic-W55xEU    ; Linux Mint ; 17         ; x86_64         ;
+---------------------------+------------------+------------+------------+----------------+


------------
; Flow Log ;
------------
quartus_map --read_settings_files=on --write_settings_files=off mips32core -c mips32core
quartus_fit --read_settings_files=off --write_settings_files=off mips32core -c mips32core
quartus_asm --read_settings_files=off --write_settings_files=off mips32core -c mips32core
quartus_sta mips32core -c mips32core
quartus_eda --read_settings_files=off --write_settings_files=off mips32core -c mips32core



